<?xml version="1.0" encoding="UTF-8"?>
<!-- Generated by org.testng.reporters.JUnitReportReporter -->
<testsuite hostname="SIA" failures="0" tests="2" name="sia.Day1" time="11.021" errors="0" timestamp="2023-06-22T11:11:03 CDT" skipped="0">
  <testcase classname="sia.Day1" name="demo2" time="0.002"/>
  <testcase classname="sia.Day1" name="demo1" time="11.019"/>
</testsuite> <!-- sia.Day1 -->
