<?xml version="1.0" encoding="UTF-8"?>
<!-- Generated by org.testng.reporters.JUnitReportReporter -->
<testsuite hostname="SIA" failures="0" tests="2" name="sia.Day3" time="0.004" errors="0" timestamp="2023-06-22T11:11:03 CDT" skipped="0">
  <testcase classname="sia.Day3" name="webLoginCarLoan" time="0.003"/>
  <testcase classname="sia.Day3" name="apiLoginCarLoan" time="0.001"/>
</testsuite> <!-- sia.Day3 -->
