<?xml version="1.0" encoding="UTF-8"?>
<!-- Generated by org.testng.reporters.JUnitReportReporter -->
<testsuite hostname="SIA" failures="0" tests="3" name="sia.Day4" time="0.012" errors="0" timestamp="2023-06-22T11:11:03 CDT" skipped="0">
  <testcase classname="sia.Day4" name="webLoginHomeLoan" time="0.005"/>
  <testcase classname="sia.Day4" name="mobileLoginCarLoan" time="0.004"/>
  <testcase classname="sia.Day4" name="apiLoginCarLoan" time="0.003"/>
</testsuite> <!-- sia.Day4 -->
