<?xml version="1.0" encoding="UTF-8"?>
<!-- Generated by org.testng.reporters.JUnitReportReporter -->
<testsuite hostname="SIA" failures="0" tests="1" name="Day2" time="0.016" errors="0" timestamp="2023-06-13T11:19:51 CDT" skipped="0">
  <testcase classname="Day2" name="demo3" time="0.016"/>
</testsuite> <!-- Day2 -->
