<?xml version="1.0" encoding="UTF-8"?>
<!-- Generated by org.testng.reporters.JUnitReportReporter -->
<testsuite hostname="SIA" failures="0" tests="1" name="sia.Day2" time="0.002" errors="0" timestamp="2023-06-22T11:11:03 CDT" skipped="0">
  <testcase classname="sia.Day2" name="demo3" time="0.002"/>
</testsuite> <!-- sia.Day2 -->
