<?xml version="1.0" encoding="UTF-8"?>
<!-- Generated by org.testng.reporters.JUnitReportReporter -->
<testsuite hostname="SIA" failures="0" tests="2" name="Day1" time="0.016" errors="0" timestamp="2023-06-13T11:19:39 CDT" skipped="0">
  <testcase classname="Day1" name="demo1" time="0.014"/>
  <testcase classname="Day1" name="demo2" time="0.002"/>
</testsuite> <!-- Day1 -->
