<?xml version="1.0" encoding="UTF-8"?>
<!-- Generated by org.testng.reporters.JUnitReportReporter -->
<testsuite hostname="SIA" failures="0" tests="3" name="sia.Day4" time="0.006" errors="0" timestamp="2023-06-14T12:30:12 CDT" skipped="0">
  <testcase classname="sia.Day4" name="apiLoginCarLoan" time="0.002"/>
  <testcase classname="sia.Day4" name="webLoginHomeLoan" time="0.002"/>
  <testcase classname="sia.Day4" name="mobileLoginCarLoan" time="0.002"/>
</testsuite> <!-- sia.Day4 -->
